# JRE version: Java(TM) SE Runtime Environment (8.0_191-b12) (build 1.8.0_191-b12)
# Java VM: Java HotSpot(TM) Client VM (25.191-b12 mixed mode windows-x86 )
Heap:
 def new generation   total 157248K, used 39372K [0x10400000, 0x1aea0000, 0x1aea0000)
  eden space 139776K,  28% used [0x10400000, 0x12a73048, 0x18c80000)
  from space 17472K,   0% used [0x19d90000, 0x19d90000, 0x1aea0000)
  to   space 17472K,   0% used [0x18c80000, 0x18c80000, 0x19d90000)
 tenured generation   total 349568K, used 349567K [0x1aea0000, 0x30400000, 0x30400000)
   the space 349568K,  99% used [0x1aea0000, 0x303fffd0, 0x30400000, 0x30400000)
 Metaspace       used 25337K, capacity 25857K, committed 25984K, reserved 25984K
GC Heap History (10 events):
Event: 1153.884 GC heap before
{Heap before GC invocations=18 (full 3):
 def new generation   total 71936K, used 71936K [0x10400000, 0x15200000, 0x1aea0000)
  eden space 64000K, 100% used [0x10400000, 0x14280000, 0x14280000)
  from space 7936K, 100% used [0x14280000, 0x14a40000, 0x14a40000)
  to   space 7936K,   0% used [0x14a40000, 0x14a40000, 0x15200000)
 tenured generation   total 159604K, used 157781K [0x1aea0000, 0x24a7d000, 0x30400000)
   the space 159604K,  98% used [0x1aea0000, 0x248b5620, 0x248b5800, 0x24a7d000)
 Metaspace       used 25212K, capacity 25753K, committed 25856K, reserved 25984K
Event: 1154.590 GC heap after
Heap after GC invocations=19 (full 4):
 def new generation   total 103744K, used 0K [0x10400000, 0x17490000, 0x1aea0000)
  eden space 92224K,   0% used [0x10400000, 0x10400000, 0x15e10000)
  from space 11520K,   0% used [0x15e10000, 0x15e10000, 0x16950000)
  to   space 11520K,   0% used [0x16950000, 0x16950000, 0x17490000)
 tenured generation   total 230428K, used 138255K [0x1aea0000, 0x28fa7000, 0x30400000)
   the space 230428K,  59% used [0x1aea0000, 0x235a3db0, 0x235a3e00, 0x28fa7000)
 Metaspace       used 25151K, capacity 25665K, committed 25856K, reserved 25984K
}
Event: 1155.355 GC heap before
{Heap before GC invocations=19 (full 4):
 def new generation   total 103744K, used 92224K [0x10400000, 0x17490000, 0x1aea0000)
  eden space 92224K, 100% used [0x10400000, 0x15e10000, 0x15e10000)
  from space 11520K,   0% used [0x15e10000, 0x15e10000, 0x16950000)
  to   space 11520K,   0% used [0x16950000, 0x16950000, 0x17490000)
 tenured generation   total 230428K, used 138255K [0x1aea0000, 0x28fa7000, 0x30400000)
   the space 230428K,  59% used [0x1aea0000, 0x235a3db0, 0x235a3e00, 0x28fa7000)
 Metaspace       used 25337K, capacity 25857K, committed 25984K, reserved 25984K
Event: 1155.617 GC heap after
Heap after GC invocations=20 (full 4):
 def new generation   total 103744K, used 11520K [0x10400000, 0x17490000, 0x1aea0000)
  eden space 92224K,   0% used [0x10400000, 0x10400000, 0x15e10000)
  from space 11520K, 100% used [0x16950000, 0x17490000, 0x17490000)
  to   space 11520K,   0% used [0x15e10000, 0x15e10000, 0x16950000)
 tenured generation   total 230428K, used 198468K [0x1aea0000, 0x28fa7000, 0x30400000)
   the space 230428K,  86% used [0x1aea0000, 0x27071278, 0x27071400, 0x28fa7000)
 Metaspace       used 25337K, capacity 25857K, committed 25984K, reserved 25984K
}
Event: 1156.941 GC heap before
{Heap before GC invocations=20 (full 4):
 def new generation   total 103744K, used 103744K [0x10400000, 0x17490000, 0x1aea0000)
  eden space 92224K, 100% used [0x10400000, 0x15e10000, 0x15e10000)
  from space 11520K, 100% used [0x16950000, 0x17490000, 0x17490000)
  to   space 11520K,   0% used [0x15e10000, 0x15e10000, 0x16950000)
 tenured generation   total 230428K, used 198468K [0x1aea0000, 0x28fa7000, 0x30400000)
   the space 230428K,  86% used [0x1aea0000, 0x27071278, 0x27071400, 0x28fa7000)
 Metaspace       used 25337K, capacity 25857K, committed 25984K, reserved 25984K
Event: 1157.873 GC heap after
Heap after GC invocations=21 (full 5):
 def new generation   total 157248K, used 11402K [0x10400000, 0x1aea0000, 0x1aea0000)
  eden space 139776K,   8% used [0x10400000, 0x10f22988, 0x18c80000)
  from space 17472K,   0% used [0x18c80000, 0x18c80000, 0x19d90000)
  to   space 17472K,   0% used [0x19d90000, 0x19d90000, 0x1aea0000)
 tenured generation   total 349568K, used 242587K [0x1aea0000, 0x30400000, 0x30400000)
   the space 349568K,  69% used [0x1aea0000, 0x29b86ff8, 0x29b87000, 0x30400000)
 Metaspace       used 25337K, capacity 25857K, committed 25984K, reserved 25984K
}
Event: 1159.765 GC heap before
{Heap before GC invocations=21 (full 5):
 def new generation   total 157248K, used 139776K [0x10400000, 0x1aea0000, 0x1aea0000)
  eden space 139776K, 100% used [0x10400000, 0x18c80000, 0x18c80000)
  from space 17472K,   0% used [0x18c80000, 0x18c80000, 0x19d90000)
  to   space 17472K,   0% used [0x19d90000, 0x19d90000, 0x1aea0000)
 tenured generation   total 349568K, used 242587K [0x1aea0000, 0x30400000, 0x30400000)
   the space 349568K,  69% used [0x1aea0000, 0x29b86ff8, 0x29b87000, 0x30400000)
 Metaspace       used 25337K, capacity 25857K, committed 25984K, reserved 25984K
Event: 1160.297 GC heap after
Heap after GC invocations=22 (full 5):
 def new generation   total 157248K, used 17472K [0x10400000, 0x1aea0000, 0x1aea0000)
  eden space 139776K,   0% used [0x10400000, 0x10400000, 0x18c80000)
  from space 17472K, 100% used [0x19d90000, 0x1aea0000, 0x1aea0000)
  to   space 17472K,   0% used [0x18c80000, 0x18c80000, 0x19d90000)
 tenured generation   total 349568K, used 299803K [0x1aea0000, 0x30400000, 0x30400000)
   the space 349568K,  85% used [0x1aea0000, 0x2d366e20, 0x2d367000, 0x30400000)
 Metaspace       used 25337K, capacity 25857K, committed 25984K, reserved 25984K
}
Event: 1162.268 GC heap before
{Heap before GC invocations=22 (full 5):
 def new generation   total 157248K, used 157248K [0x10400000, 0x1aea0000, 0x1aea0000)
  eden space 139776K, 100% used [0x10400000, 0x18c80000, 0x18c80000)
  from space 17472K, 100% used [0x19d90000, 0x1aea0000, 0x1aea0000)
  to   space 17472K,   0% used [0x18c80000, 0x18c80000, 0x19d90000)
 tenured generation   total 349568K, used 299803K [0x1aea0000, 0x30400000, 0x30400000)
   the space 349568K,  85% used [0x1aea0000, 0x2d366e20, 0x2d367000, 0x30400000)
 Metaspace       used 25337K, capacity 25857K, committed 25984K, reserved 25984K
Event: 1163.499 GC heap after
Heap after GC invocations=23 (full 6):
 def new generation   total 157248K, used 34154K [0x10400000, 0x1aea0000, 0x1aea0000)
  eden space 139776K,  24% used [0x10400000, 0x1255aa98, 0x18c80000)
  from space 17472K,   0% used [0x19d90000, 0x19d90000, 0x1aea0000)
  to   space 17472K,   0% used [0x18c80000, 0x18c80000, 0x19d90000)
 tenured generation   total 349568K, used 349567K [0x1aea0000, 0x30400000, 0x30400000)
   the space 349568K,  99% used [0x1aea0000, 0x303fffd0, 0x30400000, 0x30400000)
 Metaspace       used 25337K, capacity 25857K, committed 25984K, reserved 25984K
}

