# JRE version: Java(TM) SE Runtime Environment (8.0_191-b12) (build 1.8.0_191-b12)
# Java VM: Java HotSpot(TM) Client VM (25.191-b12 mixed mode windows-x86 )
Heap:
 def new generation   total 157248K, used 157247K [0x04a00000, 0x0f4a0000, 0x0f4a0000)
  eden space 139776K,  99% used [0x04a00000, 0x0d27fff8, 0x0d280000)
  from space 17472K, 100% used [0x0e390000, 0x0f4a0000, 0x0f4a0000)
  to   space 17472K,   0% used [0x0d280000, 0x0d280000, 0x0e390000)
 tenured generation   total 349568K, used 349567K [0x0f4a0000, 0x24a00000, 0x24a00000)
   the space 349568K,  99% used [0x0f4a0000, 0x249ffff8, 0x24a00000, 0x24a00000)
 Metaspace       used 25203K, capacity 25712K, committed 25856K, reserved 25984K
GC Heap History (10 events):
Event: 1893.234 GC heap before
{Heap before GC invocations=19 (full 4):
 def new generation   total 75456K, used 75456K [0x04a00000, 0x09be0000, 0x0f4a0000)
  eden space 67072K, 100% used [0x04a00000, 0x08b80000, 0x08b80000)
  from space 8384K, 100% used [0x093b0000, 0x09be0000, 0x09be0000)
  to   space 8384K,   0% used [0x08b80000, 0x08b80000, 0x093b0000)
 tenured generation   total 167552K, used 127164K [0x0f4a0000, 0x19840000, 0x24a00000)
   the space 167552K,  75% used [0x0f4a0000, 0x170cf178, 0x170cf200, 0x19840000)
 Metaspace       used 25128K, capacity 25646K, committed 25728K, reserved 25984K
Event: 1893.365 GC heap after
Heap after GC invocations=20 (full 4):
 def new generation   total 75456K, used 8384K [0x04a00000, 0x09be0000, 0x0f4a0000)
  eden space 67072K,   0% used [0x04a00000, 0x04a00000, 0x08b80000)
  from space 8384K, 100% used [0x08b80000, 0x093b0000, 0x093b0000)
  to   space 8384K,   0% used [0x093b0000, 0x093b0000, 0x09be0000)
 tenured generation   total 167552K, used 160074K [0x0f4a0000, 0x19840000, 0x24a00000)
   the space 167552K,  95% used [0x0f4a0000, 0x190f28b8, 0x190f2a00, 0x19840000)
 Metaspace       used 25128K, capacity 25646K, committed 25728K, reserved 25984K
}
Event: 1893.655 GC heap before
{Heap before GC invocations=20 (full 4):
 def new generation   total 75456K, used 75456K [0x04a00000, 0x09be0000, 0x0f4a0000)
  eden space 67072K, 100% used [0x04a00000, 0x08b80000, 0x08b80000)
  from space 8384K, 100% used [0x08b80000, 0x093b0000, 0x093b0000)
  to   space 8384K,   0% used [0x093b0000, 0x093b0000, 0x09be0000)
 tenured generation   total 167552K, used 160074K [0x0f4a0000, 0x19840000, 0x24a00000)
   the space 167552K,  95% used [0x0f4a0000, 0x190f28b8, 0x190f2a00, 0x19840000)
 Metaspace       used 25203K, capacity 25712K, committed 25856K, reserved 25984K
Event: 1894.733 GC heap after
Heap after GC invocations=21 (full 5):
 def new generation   total 157248K, used 0K [0x04a00000, 0x0f4a0000, 0x0f4a0000)
  eden space 139776K,   0% used [0x04a00000, 0x04a00000, 0x0d280000)
  from space 17472K,   0% used [0x0d280000, 0x0d280000, 0x0e390000)
  to   space 17472K,   0% used [0x0e390000, 0x0e390000, 0x0f4a0000)
 tenured generation   total 349568K, used 217888K [0x0f4a0000, 0x24a00000, 0x24a00000)
   the space 349568K,  62% used [0x0f4a0000, 0x1c968118, 0x1c968200, 0x24a00000)
 Metaspace       used 25203K, capacity 25712K, committed 25856K, reserved 25984K
}
Event: 1895.241 GC heap before
{Heap before GC invocations=21 (full 5):
 def new generation   total 157248K, used 139776K [0x04a00000, 0x0f4a0000, 0x0f4a0000)
  eden space 139776K, 100% used [0x04a00000, 0x0d280000, 0x0d280000)
  from space 17472K,   0% used [0x0d280000, 0x0d280000, 0x0e390000)
  to   space 17472K,   0% used [0x0e390000, 0x0e390000, 0x0f4a0000)
 tenured generation   total 349568K, used 217888K [0x0f4a0000, 0x24a00000, 0x24a00000)
   the space 349568K,  62% used [0x0f4a0000, 0x1c968118, 0x1c968200, 0x24a00000)
 Metaspace       used 25203K, capacity 25712K, committed 25856K, reserved 25984K
Event: 1895.963 GC heap after
Heap after GC invocations=22 (full 5):
 def new generation   total 157248K, used 17472K [0x04a00000, 0x0f4a0000, 0x0f4a0000)
  eden space 139776K,   0% used [0x04a00000, 0x04a00000, 0x0d280000)
  from space 17472K, 100% used [0x0e390000, 0x0f4a0000, 0x0f4a0000)
  to   space 17472K,   0% used [0x0d280000, 0x0d280000, 0x0e390000)
 tenured generation   total 349568K, used 325978K [0x0f4a0000, 0x24a00000, 0x24a00000)
   the space 349568K,  93% used [0x0f4a0000, 0x232f6938, 0x232f6a00, 0x24a00000)
 Metaspace       used 25203K, capacity 25712K, committed 25856K, reserved 25984K
}
Event: 1896.402 GC heap before
{Heap before GC invocations=22 (full 5):
 def new generation   total 157248K, used 157248K [0x04a00000, 0x0f4a0000, 0x0f4a0000)
  eden space 139776K, 100% used [0x04a00000, 0x0d280000, 0x0d280000)
  from space 17472K, 100% used [0x0e390000, 0x0f4a0000, 0x0f4a0000)
  to   space 17472K,   0% used [0x0d280000, 0x0d280000, 0x0e390000)
 tenured generation   total 349568K, used 325978K [0x0f4a0000, 0x24a00000, 0x24a00000)
   the space 349568K,  93% used [0x0f4a0000, 0x232f6938, 0x232f6a00, 0x24a00000)
 Metaspace       used 25203K, capacity 25712K, committed 25856K, reserved 25984K
Event: 1897.987 GC heap after
Heap after GC invocations=23 (full 6):
 def new generation   total 157248K, used 119630K [0x04a00000, 0x0f4a0000, 0x0f4a0000)
  eden space 139776K,  85% used [0x04a00000, 0x0bed3988, 0x0d280000)
  from space 17472K,   0% used [0x0e390000, 0x0e390000, 0x0f4a0000)
  to   space 17472K,   0% used [0x0d280000, 0x0d280000, 0x0e390000)
 tenured generation   total 349568K, used 349567K [0x0f4a0000, 0x24a00000, 0x24a00000)
   the space 349568K,  99% used [0x0f4a0000, 0x249ffff8, 0x24a00000, 0x24a00000)
 Metaspace       used 25203K, capacity 25712K, committed 25856K, reserved 25984K
}
Event: 1898.334 GC heap before
{Heap before GC invocations=23 (full 6):
 def new generation   total 157248K, used 154366K [0x04a00000, 0x0f4a0000, 0x0f4a0000)
  eden space 139776K, 100% used [0x04a00000, 0x0d280000, 0x0d280000)
  from space 17472K,  83% used [0x0e390000, 0x0f1cfa40, 0x0f4a0000)
  to   space 17472K,   0% used [0x0d280000, 0x0d280000, 0x0e390000)
 tenured generation   total 349568K, used 349567K [0x0f4a0000, 0x24a00000, 0x24a00000)
   the space 349568K,  99% used [0x0f4a0000, 0x249ffff8, 0x24a00000, 0x24a00000)
 Metaspace       used 25203K, capacity 25712K, committed 25856K, reserved 25984K
Event: 1899.888 GC heap after
Heap after GC invocations=24 (full 7):
 def new generation   total 157248K, used 149979K [0x04a00000, 0x0f4a0000, 0x0f4a0000)
  eden space 139776K,  99% used [0x04a00000, 0x0d27fff8, 0x0d280000)
  from space 17472K,  58% used [0x0e390000, 0x0ed86f28, 0x0f4a0000)
  to   space 17472K,   0% used [0x0d280000, 0x0d280000, 0x0e390000)
 tenured generation   total 349568K, used 349567K [0x0f4a0000, 0x24a00000, 0x24a00000)
   the space 349568K,  99% used [0x0f4a0000, 0x249ffff8, 0x24a00000, 0x24a00000)
 Metaspace       used 25203K, capacity 25712K, committed 25856K, reserved 25984K
}

