# JRE version: Java(TM) SE Runtime Environment (8.0_191-b12) (build 1.8.0_191-b12)
# Java VM: Java HotSpot(TM) Client VM (25.191-b12 mixed mode windows-x86 )
Heap:
 def new generation   total 157248K, used 21436K [0x04600000, 0x0f0a0000, 0x0f0a0000)
  eden space 139776K,  15% used [0x04600000, 0x05aef270, 0x0ce80000)
  from space 17472K,   0% used [0x0ce80000, 0x0ce80000, 0x0df90000)
  to   space 17472K,   0% used [0x0df90000, 0x0df90000, 0x0f0a0000)
 tenured generation   total 349568K, used 349567K [0x0f0a0000, 0x24600000, 0x24600000)
   the space 349568K,  99% used [0x0f0a0000, 0x245fffe8, 0x24600000, 0x24600000)
 Metaspace       used 25410K, capacity 25929K, committed 25984K, reserved 25984K
GC Heap History (10 events):
Event: 238.764 GC heap before
{Heap before GC invocations=128 (full 4):
 def new generation   total 78016K, used 73195K [0x04600000, 0x09aa0000, 0x0f0a0000)
  eden space 69376K, 100% used [0x04600000, 0x089c0000, 0x089c0000)
  from space 8640K,  44% used [0x089c0000, 0x08d7af58, 0x09230000)
  to   space 8640K,   0% used [0x09230000, 0x09230000, 0x09aa0000)
 tenured generation   total 173156K, used 158149K [0x0f0a0000, 0x199b9000, 0x24600000)
   the space 173156K,  91% used [0x0f0a0000, 0x18b11608, 0x18b11800, 0x199b9000)
 Metaspace       used 25409K, capacity 25929K, committed 25984K, reserved 25984K
Event: 239.491 GC heap after
Heap after GC invocations=129 (full 5):
 def new generation   total 117888K, used 0K [0x04600000, 0x0c5e0000, 0x0f0a0000)
  eden space 104832K,   0% used [0x04600000, 0x04600000, 0x0ac60000)
  from space 13056K,   0% used [0x0ac60000, 0x0ac60000, 0x0b920000)
  to   space 13056K,   0% used [0x0b920000, 0x0b920000, 0x0c5e0000)
 tenured generation   total 261744K, used 157044K [0x0f0a0000, 0x1f03c000, 0x24600000)
   the space 261744K,  59% used [0x0f0a0000, 0x189fd390, 0x189fd400, 0x1f03c000)
 Metaspace       used 25409K, capacity 25929K, committed 25984K, reserved 25984K
}
Event: 240.858 GC heap before
{Heap before GC invocations=129 (full 5):
 def new generation   total 117888K, used 104832K [0x04600000, 0x0c5e0000, 0x0f0a0000)
  eden space 104832K, 100% used [0x04600000, 0x0ac60000, 0x0ac60000)
  from space 13056K,   0% used [0x0ac60000, 0x0ac60000, 0x0b920000)
  to   space 13056K,   0% used [0x0b920000, 0x0b920000, 0x0c5e0000)
 tenured generation   total 261744K, used 157044K [0x0f0a0000, 0x1f03c000, 0x24600000)
   the space 261744K,  59% used [0x0f0a0000, 0x189fd390, 0x189fd400, 0x1f03c000)
 Metaspace       used 25410K, capacity 25929K, committed 25984K, reserved 25984K
Event: 241.041 GC heap after
Heap after GC invocations=130 (full 5):
 def new generation   total 117888K, used 13056K [0x04600000, 0x0c5e0000, 0x0f0a0000)
  eden space 104832K,   0% used [0x04600000, 0x04600000, 0x0ac60000)
  from space 13056K, 100% used [0x0b920000, 0x0c5e0000, 0x0c5e0000)
  to   space 13056K,   0% used [0x0ac60000, 0x0ac60000, 0x0b920000)
 tenured generation   total 261744K, used 177587K [0x0f0a0000, 0x1f03c000, 0x24600000)
   the space 261744K,  67% used [0x0f0a0000, 0x19e0ce00, 0x19e0ce00, 0x1f03c000)
 Metaspace       used 25410K, capacity 25929K, committed 25984K, reserved 25984K
}
Event: 241.455 GC heap before
{Heap before GC invocations=130 (full 5):
 def new generation   total 117888K, used 117888K [0x04600000, 0x0c5e0000, 0x0f0a0000)
  eden space 104832K, 100% used [0x04600000, 0x0ac60000, 0x0ac60000)
  from space 13056K, 100% used [0x0b920000, 0x0c5e0000, 0x0c5e0000)
  to   space 13056K,   0% used [0x0ac60000, 0x0ac60000, 0x0b920000)
 tenured generation   total 261744K, used 177587K [0x0f0a0000, 0x1f03c000, 0x24600000)
   the space 261744K,  67% used [0x0f0a0000, 0x19e0ce00, 0x19e0ce00, 0x1f03c000)
 Metaspace       used 25410K, capacity 25929K, committed 25984K, reserved 25984K
Event: 241.843 GC heap after
Heap after GC invocations=131 (full 5):
 def new generation   total 117888K, used 13055K [0x04600000, 0x0c5e0000, 0x0f0a0000)
  eden space 104832K,   0% used [0x04600000, 0x04600000, 0x0ac60000)
  from space 13056K,  99% used [0x0ac60000, 0x0b91fff8, 0x0b920000)
  to   space 13056K,   0% used [0x0b920000, 0x0b920000, 0x0c5e0000)
 tenured generation   total 261744K, used 242913K [0x0f0a0000, 0x1f03c000, 0x24600000)
   the space 261744K,  92% used [0x0f0a0000, 0x1ddd87d8, 0x1ddd8800, 0x1f03c000)
 Metaspace       used 25410K, capacity 25929K, committed 25984K, reserved 25984K
}
Event: 243.141 GC heap before
{Heap before GC invocations=131 (full 5):
 def new generation   total 117888K, used 117887K [0x04600000, 0x0c5e0000, 0x0f0a0000)
  eden space 104832K, 100% used [0x04600000, 0x0ac60000, 0x0ac60000)
  from space 13056K,  99% used [0x0ac60000, 0x0b91fff8, 0x0b920000)
  to   space 13056K,   0% used [0x0b920000, 0x0b920000, 0x0c5e0000)
 tenured generation   total 261744K, used 242913K [0x0f0a0000, 0x1f03c000, 0x24600000)
   the space 261744K,  92% used [0x0f0a0000, 0x1ddd87d8, 0x1ddd8800, 0x1f03c000)
 Metaspace       used 25410K, capacity 25929K, committed 25984K, reserved 25984K
Event: 244.643 GC heap after
Heap after GC invocations=132 (full 6):
 def new generation   total 157248K, used 0K [0x04600000, 0x0f0a0000, 0x0f0a0000)
  eden space 139776K,   0% used [0x04600000, 0x04600000, 0x0ce80000)
  from space 17472K,   0% used [0x0ce80000, 0x0ce80000, 0x0df90000)
  to   space 17472K,   0% used [0x0df90000, 0x0df90000, 0x0f0a0000)
 tenured generation   total 349568K, used 298969K [0x0f0a0000, 0x24600000, 0x24600000)
   the space 349568K,  85% used [0x0f0a0000, 0x21496708, 0x21496800, 0x24600000)
 Metaspace       used 25410K, capacity 25929K, committed 25984K, reserved 25984K
}
Event: 247.037 GC heap before
{Heap before GC invocations=132 (full 6):
 def new generation   total 157248K, used 139776K [0x04600000, 0x0f0a0000, 0x0f0a0000)
  eden space 139776K, 100% used [0x04600000, 0x0ce80000, 0x0ce80000)
  from space 17472K,   0% used [0x0ce80000, 0x0ce80000, 0x0df90000)
  to   space 17472K,   0% used [0x0df90000, 0x0df90000, 0x0f0a0000)
 tenured generation   total 349568K, used 298969K [0x0f0a0000, 0x24600000, 0x24600000)
   the space 349568K,  85% used [0x0f0a0000, 0x21496708, 0x21496800, 0x24600000)
 Metaspace       used 25410K, capacity 25929K, committed 25984K, reserved 25984K
Event: 248.359 GC heap after
Heap after GC invocations=133 (full 7):
 def new generation   total 157248K, used 15900K [0x04600000, 0x0f0a0000, 0x0f0a0000)
  eden space 139776K,  11% used [0x04600000, 0x055872b8, 0x0ce80000)
  from space 17472K,   0% used [0x0ce80000, 0x0ce80000, 0x0df90000)
  to   space 17472K,   0% used [0x0df90000, 0x0df90000, 0x0f0a0000)
 tenured generation   total 349568K, used 349567K [0x0f0a0000, 0x24600000, 0x24600000)
   the space 349568K,  99% used [0x0f0a0000, 0x245fffe8, 0x24600000, 0x24600000)
 Metaspace       used 25410K, capacity 25929K, committed 25984K, reserved 25984K
}

