# JRE version: Java(TM) SE Runtime Environment (8.0_191-b12) (build 1.8.0_191-b12)
# Java VM: Java HotSpot(TM) Client VM (25.191-b12 mixed mode windows-x86 )
Heap:
 def new generation   total 157248K, used 152922K [0x05400000, 0x0fea0000, 0x0fea0000)
  eden space 139776K, 100% used [0x05400000, 0x0dc80000, 0x0dc80000)
  from space 17472K,  75% used [0x0dc80000, 0x0e957c90, 0x0ed90000)
  to   space 17472K,   0% used [0x0ed90000, 0x0ed90000, 0x0fea0000)
 tenured generation   total 349568K, used 328127K [0x0fea0000, 0x25400000, 0x25400000)
   the space 349568K,  93% used [0x0fea0000, 0x23f0ffe0, 0x23f10000, 0x25400000)
 Metaspace       used 25200K, capacity 25712K, committed 25856K, reserved 25984K
GC Heap History (10 events):
Event: 1502.426 GC heap before
{Heap before GC invocations=20 (full 3):
 def new generation   total 71936K, used 71936K [0x05400000, 0x0a200000, 0x0fea0000)
  eden space 64000K, 100% used [0x05400000, 0x09280000, 0x09280000)
  from space 7936K, 100% used [0x09280000, 0x09a40000, 0x09a40000)
  to   space 7936K,   0% used [0x09a40000, 0x09a40000, 0x0a200000)
 tenured generation   total 159620K, used 152998K [0x0fea0000, 0x19a81000, 0x25400000)
   the space 159620K,  95% used [0x0fea0000, 0x19409918, 0x19409a00, 0x19a81000)
 Metaspace       used 25169K, capacity 25708K, committed 25728K, reserved 25984K
Event: 1503.077 GC heap after
Heap after GC invocations=21 (full 4):
 def new generation   total 81536K, used 0K [0x05400000, 0x0ac70000, 0x0fea0000)
  eden space 72512K,   0% used [0x05400000, 0x05400000, 0x09ad0000)
  from space 9024K,   0% used [0x09ad0000, 0x09ad0000, 0x0a3a0000)
  to   space 9024K,   0% used [0x0a3a0000, 0x0a3a0000, 0x0ac70000)
 tenured generation   total 181004K, used 108601K [0x0fea0000, 0x1af63000, 0x25400000)
   the space 181004K,  59% used [0x0fea0000, 0x168ae710, 0x168ae800, 0x1af63000)
 Metaspace       used 25125K, capacity 25646K, committed 25728K, reserved 25984K
}
Event: 1507.256 GC heap before
{Heap before GC invocations=21 (full 4):
 def new generation   total 81536K, used 72153K [0x05400000, 0x0ac70000, 0x0fea0000)
  eden space 72512K,  99% used [0x05400000, 0x09a76420, 0x09ad0000)
  from space 9024K,   0% used [0x09ad0000, 0x09ad0000, 0x0a3a0000)
  to   space 9024K,   0% used [0x0a3a0000, 0x0a3a0000, 0x0ac70000)
 tenured generation   total 181004K, used 108601K [0x0fea0000, 0x1af63000, 0x25400000)
   the space 181004K,  59% used [0x0fea0000, 0x168ae710, 0x168ae800, 0x1af63000)
 Metaspace       used 25126K, capacity 25646K, committed 25728K, reserved 25984K
Event: 1507.391 GC heap after
Heap after GC invocations=22 (full 4):
 def new generation   total 81536K, used 9024K [0x05400000, 0x0ac70000, 0x0fea0000)
  eden space 72512K,   0% used [0x05400000, 0x05400000, 0x09ad0000)
  from space 9024K, 100% used [0x0a3a0000, 0x0ac70000, 0x0ac70000)
  to   space 9024K,   0% used [0x09ad0000, 0x09ad0000, 0x0a3a0000)
 tenured generation   total 181004K, used 134702K [0x0fea0000, 0x1af63000, 0x25400000)
   the space 181004K,  74% used [0x0fea0000, 0x1822b9e0, 0x1822ba00, 0x1af63000)
 Metaspace       used 25126K, capacity 25646K, committed 25728K, reserved 25984K
}
Event: 1507.732 GC heap before
{Heap before GC invocations=22 (full 4):
 def new generation   total 81536K, used 81536K [0x05400000, 0x0ac70000, 0x0fea0000)
  eden space 72512K, 100% used [0x05400000, 0x09ad0000, 0x09ad0000)
  from space 9024K, 100% used [0x0a3a0000, 0x0ac70000, 0x0ac70000)
  to   space 9024K,   0% used [0x09ad0000, 0x09ad0000, 0x0a3a0000)
 tenured generation   total 181004K, used 134702K [0x0fea0000, 0x1af63000, 0x25400000)
   the space 181004K,  74% used [0x0fea0000, 0x1822b9e0, 0x1822ba00, 0x1af63000)
 Metaspace       used 25200K, capacity 25712K, committed 25856K, reserved 25984K
Event: 1508.688 GC heap after
Heap after GC invocations=23 (full 5):
 def new generation   total 147712K, used 405K [0x05400000, 0x0f440000, 0x0fea0000)
  eden space 131328K,   0% used [0x05400000, 0x05465550, 0x0d440000)
  from space 16384K,   0% used [0x0d440000, 0x0d440000, 0x0e440000)
  to   space 16384K,   0% used [0x0e440000, 0x0e440000, 0x0f440000)
 tenured generation   total 328128K, used 196875K [0x0fea0000, 0x23f10000, 0x25400000)
   the space 328128K,  59% used [0x0fea0000, 0x1bee2fc8, 0x1bee3000, 0x23f10000)
 Metaspace       used 25200K, capacity 25712K, committed 25856K, reserved 25984K
}
Event: 1509.188 GC heap before
{Heap before GC invocations=23 (full 5):
 def new generation   total 147712K, used 131328K [0x05400000, 0x0f440000, 0x0fea0000)
  eden space 131328K, 100% used [0x05400000, 0x0d440000, 0x0d440000)
  from space 16384K,   0% used [0x0d440000, 0x0d440000, 0x0e440000)
  to   space 16384K,   0% used [0x0e440000, 0x0e440000, 0x0f440000)
 tenured generation   total 328128K, used 196875K [0x0fea0000, 0x23f10000, 0x25400000)
   the space 328128K,  59% used [0x0fea0000, 0x1bee2fc8, 0x1bee3000, 0x23f10000)
 Metaspace       used 25200K, capacity 25712K, committed 25856K, reserved 25984K
Event: 1509.956 GC heap after
Heap after GC invocations=24 (full 5):
 def new generation   total 147712K, used 16383K [0x05400000, 0x0f440000, 0x0fea0000)
  eden space 131328K,   0% used [0x05400000, 0x05400000, 0x0d440000)
  from space 16384K,  99% used [0x0e440000, 0x0f43fff8, 0x0f440000)
  to   space 16384K,   0% used [0x0d440000, 0x0d440000, 0x0e440000)
 tenured generation   total 328128K, used 298396K [0x0fea0000, 0x23f10000, 0x25400000)
   the space 328128K,  90% used [0x0fea0000, 0x22207390, 0x22207400, 0x23f10000)
 Metaspace       used 25200K, capacity 25712K, committed 25856K, reserved 25984K
}
Event: 1510.402 GC heap before
{Heap before GC invocations=24 (full 5):
 def new generation   total 147712K, used 147711K [0x05400000, 0x0f440000, 0x0fea0000)
  eden space 131328K, 100% used [0x05400000, 0x0d440000, 0x0d440000)
  from space 16384K,  99% used [0x0e440000, 0x0f43fff8, 0x0f440000)
  to   space 16384K,   0% used [0x0d440000, 0x0d440000, 0x0e440000)
 tenured generation   total 328128K, used 298396K [0x0fea0000, 0x23f10000, 0x25400000)
   the space 328128K,  90% used [0x0fea0000, 0x22207390, 0x22207400, 0x23f10000)
 Metaspace       used 25200K, capacity 25712K, committed 25856K, reserved 25984K
Event: 1511.927 GC heap after
Heap after GC invocations=25 (full 6):
 def new generation   total 157248K, used 104238K [0x05400000, 0x0fea0000, 0x0fea0000)
  eden space 139776K,  74% used [0x05400000, 0x0b9cbae8, 0x0dc80000)
  from space 17472K,   0% used [0x0dc80000, 0x0dc80000, 0x0ed90000)
  to   space 17472K,   0% used [0x0ed90000, 0x0ed90000, 0x0fea0000)
 tenured generation   total 349568K, used 328127K [0x0fea0000, 0x25400000, 0x25400000)
   the space 349568K,  93% used [0x0fea0000, 0x23f0ffe0, 0x23f10000, 0x25400000)
 Metaspace       used 25200K, capacity 25712K, committed 25856K, reserved 25984K
}

